This is pdfTeXk, Version 3.141592-1.40.3 (Web2C 7.5.6) (format=pdflatex 2013.1.10)  4 NOV 2015 01:47
entering extended mode
 %&-line parsing enabled.
**QLK_manual.tex
(./QLK_manual.tex
LaTeX2e <2005/12/01>
Babel <v3.8h> and hyphenation patterns for english, usenglishmax, dumylang, noh
yphenation, arabic, basque, bulgarian, coptic, welsh, czech, slovak, german, ng
erman, danish, esperanto, spanish, catalan, galician, estonian, farsi, finnish,
 french, greek, monogreek, ancientgreek, croatian, hungarian, interlingua, ibyc
us, indonesian, icelandic, italian, latin, mongolian, dutch, norsk, polish, por
tuguese, pinyin, romanian, russian, slovenian, uppersorbian, serbian, swedish, 
turkish, ukenglish, ukrainian, loaded.
(/usr/share/texmf/tex/latex/base/article.cls
Document Class: article 2005/09/16 v1.4f Standard LaTeX document class
(/usr/share/texmf/tex/latex/base/size10.clo
File: size10.clo 2005/09/16 v1.4f Standard LaTeX file (size option)
)
\c@part=\count79
\c@section=\count80
\c@subsection=\count81
\c@subsubsection=\count82
\c@paragraph=\count83
\c@subparagraph=\count84
\c@figure=\count85
\c@table=\count86
\abovecaptionskip=\skip41
\belowcaptionskip=\skip42
\bibindent=\dimen102
)
(/usr/share/texmf/tex/latex/graphics/graphicx.sty
Package: graphicx 1999/02/16 v1.0f Enhanced LaTeX Graphics (DPC,SPQR)

(/usr/share/texmf/tex/latex/graphics/keyval.sty
Package: keyval 1999/03/16 v1.13 key=value parser (DPC)
\KV@toks@=\toks14
)
(/usr/share/texmf/tex/latex/graphics/graphics.sty
Package: graphics 2006/02/20 v1.0o Standard LaTeX Graphics (DPC,SPQR)

(/usr/share/texmf/tex/latex/graphics/trig.sty
Package: trig 1999/03/16 v1.09 sin cos tan (DPC)
)
(/usr/share/texmf/tex/latex/config/graphics.cfg
File: graphics.cfg 2007/01/18 v1.5 graphics configuration of teTeX/TeXLive
)
Package graphics Info: Driver file: pdftex.def on input line 90.

(/usr/share/texmf/tex/latex/pdftex-def/pdftex.def
File: pdftex.def 2007/01/08 v0.04d Graphics/color for pdfTeX
\Gread@gobject=\count87
))
\Gin@req@height=\dimen103
\Gin@req@width=\dimen104
) (./QLK_manual.aux)
\openout1 = `QLK_manual.aux'.

LaTeX Font Info:    Checking defaults for OML/cmm/m/it on input line 4.
LaTeX Font Info:    ... okay on input line 4.
LaTeX Font Info:    Checking defaults for T1/cmr/m/n on input line 4.
LaTeX Font Info:    ... okay on input line 4.
LaTeX Font Info:    Checking defaults for OT1/cmr/m/n on input line 4.
LaTeX Font Info:    ... okay on input line 4.
LaTeX Font Info:    Checking defaults for OMS/cmsy/m/n on input line 4.
LaTeX Font Info:    ... okay on input line 4.
LaTeX Font Info:    Checking defaults for OMX/cmex/m/n on input line 4.
LaTeX Font Info:    ... okay on input line 4.
LaTeX Font Info:    Checking defaults for U/cmr/m/n on input line 4.
LaTeX Font Info:    ... okay on input line 4.
LaTeX Font Info:    External font `cmex10' loaded for size
(Font)              <12> on input line 8.
LaTeX Font Info:    External font `cmex10' loaded for size
(Font)              <8> on input line 8.
LaTeX Font Info:    External font `cmex10' loaded for size
(Font)              <6> on input line 8.


LaTeX Warning: No \author given.

LaTeX Font Info:    External font `cmex10' loaded for size
(Font)              <7> on input line 17.
LaTeX Font Info:    External font `cmex10' loaded for size
(Font)              <5> on input line 17.
[1

{/usr/share/texmf/fonts/map/pdftex/updmap/pdftex.map}] [2] [3] [4]
Overfull \hbox (44.11916pt too wide) in paragraph at lines 94--95
[]\OT1/cmr/m/n/10 . Lo-cal MHD al-pha. Used in mag-netic drift fre-quency. $\OM
L/cmm/m/it/10 [][]q[] [][] ^^L[]\OT1/cmr/m/n/10 (\OML/cmm/m/it/10 R=L[] \OT1/c
mr/m/n/10 +
 []

[5]
Overfull \hbox (11.51811pt too wide) in paragraph at lines 133--134
\OT1/cmr/m/n/10 All the out-put is writ-ten in the /out-put di-rec-tory, as ASC
II files. /out-put/primitive
 []


Overfull \hbox (5.69519pt too wide) in paragraph at lines 133--134
\OT1/cmr/m/n/10 con-tains more 'prim-i-tive' Qua-LiKiz out-put (quasi-lin-ear i
n-te-gra-tions, mod-ewidths,
 []

[6] [7]
Overfull \hbox (11.00969pt too wide) in paragraph at lines 218--219
[]\OT1/cmr/m/n/10 . Wavenum-ber de-pen-dent elec-tron heat flux spec-trum (SI u
nits). Columns
 []

[8]
Overfull \hbox (2.82913pt too wide) in paragraph at lines 222--223
[]\OT1/cmr/m/n/10 . Wavenum-ber de-pen-dent ion par-ti-cle flux spec-trum (SI u
nits). Columns
 []

[9] [10] [11] (./QLK_manual.aux) ) 
Here is how much of TeX's memory you used:
 589 strings out of 256216
 6889 string characters out of 1917072
 58446 words of memory out of 1500000
 3925 multiletter control sequences out of 10000+200000
 8502 words of font info for 30 fonts, out of 1200000 for 2000
 645 hyphenation exceptions out of 8191
 25i,6n,19p,872b,195s stack positions out of 5000i,500n,6000p,200000b,15000s
</usr/share/texmf/fonts/type1/bluesky/cm/cmbx
10.pfb></usr/share/texmf/fonts/type1/bluesky/cm/cmbx12.pfb></usr/share/texmf/fo
nts/type1/bluesky/cm/cmbx9.pfb></usr/share/texmf/fonts/type1/bluesky/cm/cmex10.
pfb></usr/share/texmf/fonts/type1/bluesky/cm/cmmi10.pfb></usr/share/texmf/fonts
/type1/bluesky/cm/cmmi5.pfb></usr/share/texmf/fonts/type1/bluesky/cm/cmmi7.pfb>
</usr/share/texmf/fonts/type1/bluesky/cm/cmr10.pfb></usr/share/texmf/fonts/type
1/bluesky/cm/cmr12.pfb></usr/share/texmf/fonts/type1/bluesky/cm/cmr17.pfb></usr
/share/texmf/fonts/type1/bluesky/cm/cmr5.pfb></usr/share/texmf/fonts/type1/blue
sky/cm/cmr7.pfb></usr/share/texmf/fonts/type1/bluesky/cm/cmr9.pfb></usr/share/t
exmf/fonts/type1/bluesky/cm/cmsy10.pfb></usr/share/texmf/fonts/type1/bluesky/cm
/cmsy5.pfb></usr/share/texmf/fonts/type1/bluesky/cm/cmsy7.pfb>
Output written on QLK_manual.pdf (11 pages, 134273 bytes).
PDF statistics:
 102 PDF objects out of 1000 (max. 8388607)
 0 named destinations out of 1000 (max. 131072)
 1 words of extra memory for PDF output out of 10000 (max. 10000000)

